{"name": "test_products_group", "status": "skipped", "statusDetails": {"message": "XFAIL Wait for fix bug\n\nselenium.common.exceptions.ElementClickInterceptedException: Message: element click intercepted: Element <a href=\"https://testqastudio.me?products_group=sale\" class=\"tab-sale \">...</a> is not clickable at point (708, 748). Other element would receive the click: <div class=\"catalog-toolbar-tabs__content\">...</div>\n  (Session info: chrome=122.0.6261.131)\nStacktrace:\n\tGetHandleVerifier [0x00007FF792A0AD02+56930]\n\t(No symbol) [0x00007FF79297F602]\n\t(No symbol) [0x00007FF7928342E5]\n\t(No symbol) [0x00007FF792880A80]\n\t(No symbol) [0x00007FF79287E8AB]\n\t(No symbol) [0x00007FF79287C0B4]\n\t(No symbol) [0x00007FF79287AE45]\n\t(No symbol) [0x00007FF79286F798]\n\t(No symbol) [0x00007FF79289BC9A]\n\t(No symbol) [0x00007FF79286F09A]\n\t(No symbol) [0x00007FF79289BEB0]\n\t(No symbol) [0x00007FF7928B81E2]\n\t(No symbol) [0x00007FF79289BA43]\n\t(No symbol) [0x00007FF79286D438]\n\t(No symbol) [0x00007FF79286E4D1]\n\tGetHandleVerifier [0x00007FF792D86F8D+3711213]\n\tGetHandleVerifier [0x00007FF792DE04CD+4077101]\n\tGetHandleVerifier [0x00007FF792DD865F+4044735]\n\tGetHandleVerifier [0x00007FF792AA9736+706710]\n\t(No symbol) [0x00007FF79298B8DF]\n\t(No symbol) [0x00007FF792986AC4]\n\t(No symbol) [0x00007FF792986C1C]\n\t(No symbol) [0x00007FF7929768D4]\n\tBaseThreadInitThunk [0x00007FFC754E7034+20]\n\tRtlUserThreadStart [0x00007FFC774C26A1+33]", "trace": "tests\\test_shop.py:48: in test_products_group\n    element.click()\n        browser    = <selenium.webdriver.chrome.webdriver.WebDriver (session=\"4f6062076365803d1594895dff1628af\")>\n        element    = <selenium.webdriver.remote.webelement.WebElement (session=\"4f6062076365803d1594895dff1628af\", element=\"f.18EFC02931CC7D6712BCF6273F1AAE8A.d.DF1DC3D4A0CE9DCF2DB1E0F96441311D.e.151\")>\n        elements   = [<selenium.webdriver.remote.webelement.WebElement (session=\"4f6062076365803d1594895dff1628af\", element=\"f.18EFC02931CC...062076365803d1594895dff1628af\", element=\"f.18EFC02931CC7D6712BCF6273F1AAE8A.d.595BFC4A0065B870FDDE510883E92427.e.87\")>]\n        expected_menu = [('Все', '', \"[class='tab-all active']\"), ('Бестселлеры', '/?products_group=best_sellers', \"[class='tab-best_sellers '... '/?products_group=new', \"[class='tab-new ']\"), ('Распродажа товаров', '/?products_group=sale', \"[class='tab-sale ']\")]\n        item       = ('Распродажа товаров', '/?products_group=sale', \"[class='tab-sale ']\")\n        menu_element = \"[class='catalog-toolbar-tabs__content'] a\"\n..\\AppData\\Local\\Programs\\Python\\Python312\\Lib\\site-packages\\selenium\\webdriver\\remote\\webelement.py:94: in click\n    self._execute(Command.CLICK_ELEMENT)\n        self       = <selenium.webdriver.remote.webelement.WebElement (session=\"4f6062076365803d1594895dff1628af\", element=\"f.18EFC02931CC7D6712BCF6273F1AAE8A.d.DF1DC3D4A0CE9DCF2DB1E0F96441311D.e.151\")>\n..\\AppData\\Local\\Programs\\Python\\Python312\\Lib\\site-packages\\selenium\\webdriver\\remote\\webelement.py:395: in _execute\n    return self._parent.execute(command, params)\n        command    = 'clickElement'\n        params     = {'id': 'f.18EFC02931CC7D6712BCF6273F1AAE8A.d.DF1DC3D4A0CE9DCF2DB1E0F96441311D.e.151'}\n        self       = <selenium.webdriver.remote.webelement.WebElement (session=\"4f6062076365803d1594895dff1628af\", element=\"f.18EFC02931CC7D6712BCF6273F1AAE8A.d.DF1DC3D4A0CE9DCF2DB1E0F96441311D.e.151\")>\n..\\AppData\\Local\\Programs\\Python\\Python312\\Lib\\site-packages\\selenium\\webdriver\\remote\\webdriver.py:347: in execute\n    self.error_handler.check_response(response)\n        driver_command = 'clickElement'\n        params     = {}\n        response   = {'status': 400, 'value': '{\"value\":{\"error\":\"element click intercepted\",\"message\":\"element click intercepted: Element ...07FF7929768D4]\\\\n\\\\tBaseThreadInitThunk [0x00007FFC754E7034+20]\\\\n\\\\tRtlUserThreadStart [0x00007FFC774C26A1+33]\\\\n\"}}'}\n        self       = <selenium.webdriver.chrome.webdriver.WebDriver (session=\"4f6062076365803d1594895dff1628af\")>\n..\\AppData\\Local\\Programs\\Python\\Python312\\Lib\\site-packages\\selenium\\webdriver\\remote\\errorhandler.py:229: in check_response\n    raise exception_class(message, screen, stacktrace)\nE   selenium.common.exceptions.ElementClickInterceptedException: Message: element click intercepted: Element <a href=\"https://testqastudio.me?products_group=sale\" class=\"tab-sale \">...</a> is not clickable at point (708, 748). Other element would receive the click: <div class=\"catalog-toolbar-tabs__content\">...</div>\nE     (Session info: chrome=122.0.6261.131)\nE   Stacktrace:\nE   \tGetHandleVerifier [0x00007FF792A0AD02+56930]\nE   \t(No symbol) [0x00007FF79297F602]\nE   \t(No symbol) [0x00007FF7928342E5]\nE   \t(No symbol) [0x00007FF792880A80]\nE   \t(No symbol) [0x00007FF79287E8AB]\nE   \t(No symbol) [0x00007FF79287C0B4]\nE   \t(No symbol) [0x00007FF79287AE45]\nE   \t(No symbol) [0x00007FF79286F798]\nE   \t(No symbol) [0x00007FF79289BC9A]\nE   \t(No symbol) [0x00007FF79286F09A]\nE   \t(No symbol) [0x00007FF79289BEB0]\nE   \t(No symbol) [0x00007FF7928B81E2]\nE   \t(No symbol) [0x00007FF79289BA43]\nE   \t(No symbol) [0x00007FF79286D438]\nE   \t(No symbol) [0x00007FF79286E4D1]\nE   \tGetHandleVerifier [0x00007FF792D86F8D+3711213]\nE   \tGetHandleVerifier [0x00007FF792DE04CD+4077101]\nE   \tGetHandleVerifier [0x00007FF792DD865F+4044735]\nE   \tGetHandleVerifier [0x00007FF792AA9736+706710]\nE   \t(No symbol) [0x00007FF79298B8DF]\nE   \t(No symbol) [0x00007FF792986AC4]\nE   \t(No symbol) [0x00007FF792986C1C]\nE   \t(No symbol) [0x00007FF7929768D4]\nE   \tBaseThreadInitThunk [0x00007FFC754E7034+20]\nE   \tRtlUserThreadStart [0x00007FFC774C26A1+33]\n        e          = <selenium.webdriver.remote.errorhandler.ErrorCode object at 0x0000023B73B73080>\n        error_code = 'ELEMENT_CLICK_INTERCEPTED'\n        error_codes = ['ELEMENT_CLICK_INTERCEPTED', 'ELEMENT_IS_NOT_SELECTABLE', 'ELEMENT_NOT_INTERACTABLE', 'ELEMENT_NOT_VISIBLE', 'IME_ENGINE_ACTIVATION_FAILED', 'IME_NOT_AVAILABLE', ...]\n        error_info = [64, 'element click intercepted']\n        exception_class = <class 'selenium.common.exceptions.ElementClickInterceptedException'>\n        json       = <module 'json' from 'C:\\\\Users\\\\1\\\\AppData\\\\Local\\\\Programs\\\\Python\\\\Python312\\\\Lib\\\\json\\\\__init__.py'>\n        message    = 'element click intercepted: Element <a href=\"https://testqastudio.me?products_group=sale\" class=\"tab-sale \">...</a> is...would receive the click: <div class=\"catalog-toolbar-tabs__content\">...</div>\\n  (Session info: chrome=122.0.6261.131)'\n        response   = {'status': 400, 'value': '{\"value\":{\"error\":\"element click intercepted\",\"message\":\"element click intercepted: Element ...07FF7929768D4]\\\\n\\\\tBaseThreadInitThunk [0x00007FFC754E7034+20]\\\\n\\\\tRtlUserThreadStart [0x00007FFC774C26A1+33]\\\\n\"}}'}\n        screen     = None\n        self       = <selenium.webdriver.remote.errorhandler.ErrorHandler object at 0x0000023B73B72B10>\n        st_value   = '\\tGetHandleVerifier [0x00007FF792A0AD02+56930]\\n\\t(No symbol) [0x00007FF79297F602]\\n\\t(No symbol) [0x00007FF7928342E5...l) [0x00007FF7929768D4]\\n\\tBaseThreadInitThunk [0x00007FFC754E7034+20]\\n\\tRtlUserThreadStart [0x00007FFC774C26A1+33]\\n'\n        stacktrace = ['\\tGetHandleVerifier [0x00007FF792A0AD02+56930]', '\\t(No symbol) [0x00007FF79297F602]', '\\t(No symbol) [0x00007FF7928... '\\t(No symbol) [0x00007FF792880A80]', '\\t(No symbol) [0x00007FF79287E8AB]', '\\t(No symbol) [0x00007FF79287C0B4]', ...]\n        status     = 'element click intercepted'\n        value      = {'error': 'element click intercepted', 'message': 'element click intercepted: Element <a href=\"https://testqastudio.me...) [0x00007FF7929768D4]\\n\\tBaseThreadInitThunk [0x00007FFC754E7034+20]\\n\\tRtlUserThreadStart [0x00007FFC774C26A1+33]\\n'}\n        value_json = '{\"value\":{\"error\":\"element click intercepted\",\"message\":\"element click intercepted: Element \\\\u003Ca href=\\\\\"https://...007FF7929768D4]\\\\n\\\\tBaseThreadInitThunk [0x00007FFC754E7034+20]\\\\n\\\\tRtlUserThreadStart [0x00007FFC774C26A1+33]\\\\n\"}}'"}, "description": "\n    Test case TC-2\n    ", "start": 1711186178128, "stop": 1711186185317, "uuid": "cde8d286-720c-40ca-92ef-ad5e5156cca7", "historyId": "4fdd6adba16e950b161eae73ef4ccb14", "testCaseId": "4fdd6adba16e950b161eae73ef4ccb14", "fullName": "tests.test_shop#test_products_group", "labels": [{"name": "tag", "value": "@pytest.mark.xfail(reason='Wait for fix bug')"}, {"name": "parentSuite", "value": "tests"}, {"name": "suite", "value": "test_shop"}, {"name": "host", "value": "DESKTOP-MHFJNSH"}, {"name": "thread", "value": "9788-MainThread"}, {"name": "framework", "value": "pytest"}, {"name": "language", "value": "cpython3"}, {"name": "package", "value": "tests.test_shop"}]}